Checking availability of current mirror:
[*] https://mirror.fcix.net/termux/termux-main: ok

WARNING: apt does not have a stable CLI interface. Use with caution in scripts.

Reading package lists...
Building dependency tree...
Reading state information...
rust is already the newest version (1.84.1).
0 upgraded, 0 newly installed, 0 to remove and 0 not upgraded.
Checking availability of current mirror:
[*] https://mirror.fcix.net/termux/termux-main: ok

WARNING: apt does not have a stable CLI interface. Use with caution in scripts.

Reading package lists...
Building dependency tree...
Reading state information...
python is already the newest version (3.12.9).
0 upgraded, 0 newly installed, 0 to remove and 0 not upgraded.
Collecting web3
  Using cached web3-7.8.0-py3-none-any.whl.metadata (5.5 kB)
Collecting eth-abi>=5.0.1 (from web3)
  Using cached eth_abi-5.2.0-py3-none-any.whl.metadata (3.8 kB)
Collecting eth-account>=0.13.1 (from web3)
  Using cached eth_account-0.13.5-py3-none-any.whl.metadata (3.8 kB)
Collecting eth-hash>=0.5.1 (from eth-hash[pycryptodome]>=0.5.1->web3)
  Using cached eth_hash-0.7.1-py3-none-any.whl.metadata (4.2 kB)
Collecting eth-typing>=5.0.0 (from web3)
  Using cached eth_typing-5.2.0-py3-none-any.whl.metadata (3.2 kB)
Collecting eth-utils>=5.0.0 (from web3)
  Using cached eth_utils-5.2.0-py3-none-any.whl.metadata (5.4 kB)
Collecting hexbytes>=1.2.0 (from web3)
  Using cached hexbytes-1.3.0-py3-none-any.whl.metadata (3.3 kB)
Collecting aiohttp>=3.7.4.post0 (from web3)
  Using cached aiohttp-3.11.13.tar.gz (7.7 MB)
  Installing build dependencies: started
  Installing build dependencies: finished with status 'done'
  Getting requirements to build wheel: started
  Getting requirements to build wheel: finished with status 'done'
  Preparing metadata (pyproject.toml): started
  Preparing metadata (pyproject.toml): finished with status 'done'
Collecting pydantic>=2.4.0 (from web3)
  Using cached pydantic-2.10.6-py3-none-any.whl.metadata (30 kB)
Requirement already satisfied: requests>=2.23.0 in /data/data/com.termux/files/usr/lib/python3.12/site-packages (from web3) (2.28.2)
Requirement already satisfied: typing-extensions>=4.0.1 in /data/data/com.termux/files/usr/lib/python3.12/site-packages (from web3) (4.12.2)
Collecting types-requests>=2.0.0 (from web3)
  Using cached types_requests-2.32.0.20250301-py3-none-any.whl.metadata (2.3 kB)
Collecting websockets<14.0.0,>=10.0.0 (from web3)
  Using cached websockets-13.1-py3-none-any.whl.metadata (6.8 kB)
Collecting pyunormalize>=15.0.0 (from web3)
  Using cached pyunormalize-16.0.0-py3-none-any.whl.metadata (4.0 kB)
Collecting aiohappyeyeballs>=2.3.0 (from aiohttp>=3.7.4.post0->web3)
  Using cached aiohappyeyeballs-2.4.6-py3-none-any.whl.metadata (5.9 kB)
Collecting aiosignal>=1.1.2 (from aiohttp>=3.7.4.post0->web3)
  Using cached aiosignal-1.3.2-py2.py3-none-any.whl.metadata (3.8 kB)
Collecting attrs>=17.3.0 (from aiohttp>=3.7.4.post0->web3)
  Using cached attrs-25.1.0-py3-none-any.whl.metadata (10 kB)
Collecting frozenlist>=1.1.1 (from aiohttp>=3.7.4.post0->web3)
  Using cached frozenlist-1.5.0-py3-none-any.whl.metadata (13 kB)
Collecting multidict<7.0,>=4.5 (from aiohttp>=3.7.4.post0->web3)
  Using cached multidict-6.1.0-py3-none-any.whl.metadata (5.0 kB)
Collecting propcache>=0.2.0 (from aiohttp>=3.7.4.post0->web3)
  Using cached propcache-0.3.0-py3-none-any.whl.metadata (10 kB)
Collecting yarl<2.0,>=1.17.0 (from aiohttp>=3.7.4.post0->web3)
  Using cached yarl-1.18.3-py3-none-any.whl.metadata (69 kB)
Collecting parsimonious<0.11.0,>=0.10.0 (from eth-abi>=5.0.1->web3)
  Using cached parsimonious-0.10.0-py3-none-any.whl.metadata (25 kB)
Collecting bitarray>=2.4.0 (from eth-account>=0.13.1->web3)
  Using cached bitarray-3.1.0.tar.gz (127 kB)
  Preparing metadata (setup.py): started
  Preparing metadata (setup.py): finished with status 'done'
Collecting eth-keyfile<0.9.0,>=0.7.0 (from eth-account>=0.13.1->web3)
  Using cached eth_keyfile-0.8.1-py3-none-any.whl.metadata (8.5 kB)
Collecting eth-keys>=0.4.0 (from eth-account>=0.13.1->web3)
  Using cached eth_keys-0.6.1-py3-none-any.whl.metadata (13 kB)
Collecting eth-rlp>=2.1.0 (from eth-account>=0.13.1->web3)
  Using cached eth_rlp-2.2.0-py3-none-any.whl.metadata (3.3 kB)
Collecting rlp>=1.0.0 (from eth-account>=0.13.1->web3)
  Using cached rlp-4.1.0-py3-none-any.whl.metadata (3.2 kB)
Collecting ckzg>=2.0.0 (from eth-account>=0.13.1->web3)
  Using cached ckzg-2.0.1.tar.gz (1.1 MB)
  Preparing metadata (setup.py): started
  Preparing metadata (setup.py): finished with status 'done'
Collecting pycryptodome<4,>=3.6.6 (from eth-hash[pycryptodome]>=0.5.1->web3)
  Using cached pycryptodome-3.21.0.tar.gz (4.8 MB)
  Installing build dependencies: started
  Installing build dependencies: finished with status 'done'
  Getting requirements to build wheel: started
  Getting requirements to build wheel: finished with status 'done'
  Preparing metadata (pyproject.toml): started
  Preparing metadata (pyproject.toml): finished with status 'done'
Collecting cytoolz>=0.10.1 (from eth-utils>=5.0.0->web3)
  Using cached cytoolz-1.0.1.tar.gz (626 kB)
  Installing build dependencies: started
  Installing build dependencies: finished with status 'done'
  Getting requirements to build wheel: started
  Getting requirements to build wheel: finished with status 'done'
  Preparing metadata (pyproject.toml): started
  Preparing metadata (pyproject.toml): finished with status 'done'
Collecting annotated-types>=0.6.0 (from pydantic>=2.4.0->web3)
  Using cached annotated_types-0.7.0-py3-none-any.whl.metadata (15 kB)
Collecting pydantic-core==2.27.2 (from pydantic>=2.4.0->web3)
  Using cached pydantic_core-2.27.2.tar.gz (413 kB)
  Installing build dependencies: started
  Installing build dependencies: finished with status 'done'
  Getting requirements to build wheel: started
  Getting requirements to build wheel: finished with status 'done'
  Preparing metadata (pyproject.toml): started
  Preparing metadata (pyproject.toml): finished with status 'error'
  error: subprocess-exited-with-error
  
  × Preparing metadata (pyproject.toml) did not run successfully.
  │ exit code: 1
  ╰─> [17 lines of output]
       Downloading crates ...
      error: failed to download `hex v0.4.3`
      
      Caused by:
        unable to get packages from source
      
      Caused by:
        failed to read `/data/data/com.termux/files/home/.cargo/registry/src/index.crates.io-6f17d22bba15001f/hex-0.4.3/Cargo.toml`
      
      Caused by:
        No such file or directory (os error 2)
      💥 maturin failed
        Caused by: Cargo metadata failed. Does your crate compile with `cargo build`?
        Caused by: `cargo metadata` exited with an error:
      Error running maturin: Command '['maturin', 'pep517', 'write-dist-info', '--metadata-directory', '/data/data/com.termux/files/usr/tmp/pip-modern-metadata-xjdhwfe6', '--interpreter', '/data/data/com.termux/files/usr/bin/python3.12']' returned non-zero exit status 1.
      Checking for Rust toolchain....
      Running `maturin pep517 write-dist-info --metadata-directory /data/data/com.termux/files/usr/tmp/pip-modern-metadata-xjdhwfe6 --interpreter /data/data/com.termux/files/usr/bin/python3.12`
      [end of output]
  
  note: This error originates from a subprocess, and is likely not a problem with pip.
error: metadata-generation-failed

× Encountered error while generating package metadata.
╰─> See above for output.

note: This is an issue with the package mentioned above, not pip.
hint: See above for details.
❌ Error en la instalación de Web3. Aplicando soluciones...
